
 *** Break *** segmentation violation



===========================================================
There was a crash.
This is the entire stack trace of all threads:
===========================================================
#0  0x00007fc3a8c40b3c in __libc_waitpid (pid=33281, stat_loc=stat_loc
entry=0x7ffee0ea4a60, options=options
entry=0) at ../sysdeps/unix/sysv/linux/waitpid.c:31
#1  0x00007fc3a8bc812b in do_system (line=<optimized out>) at ../sysdeps/posix/system.c:148
#2  0x00007fc3ad6c7694 in TUnixSystem::StackTrace() () from /mnt/misc/sw/x86_64/Debian/8/root/gnu/5.34.32/lib/libCore.so.5
#3  0x00007fc3ad6c97dc in TUnixSystem::DispatchSignals(ESignals) () from /mnt/misc/sw/x86_64/Debian/8/root/gnu/5.34.32/lib/libCore.so.5
#4  <signal handler called>
#5  0x0000000000404c20 in main ()
===========================================================


The lines below might hint at the cause of the crash.
If they do not help you then please submit a bug report at
http://root.cern.ch/bugs. Please post the ENTIRE stack trace
from above as an attachment in addition to anything else
that might help us fixing this issue.
===========================================================
#5  0x0000000000404c20 in main ()
===========================================================


Segmentation fault
UniqueID set as: wtmodifiedZK_t0.004ns_TR
MoNA Det. Config File: detector_config_HopeO26
Reading detector configuration file
I found the target
it has coords 0.0.0.
I am making a new array
Initializing output
I am adding the array MoNA

*************************************************************
 Geant4 version Name: geant4-09-05-patch-02    (22-October-2012)
                      Copyright : Geant4 Collaboration
                      Reference : NIM A 506 (2003), 250-303
                            WWW : http://cern.ch/geant4
*************************************************************

Inputfile is now set to /mnt/simulations/MoNAsims/O26_analysis//tempwtmodifiedZK_t0.004ns_TR.indat  kUseHEP is: 1
Inside PrimaryGeneratorAction - TgtPos x:0 y:0 z:0
Constructor for menate_R process was called! 
A non-relativistic model for n - scattering on carbon and hydrogen or materials composed of it (e.g. NE213)
You are using MENATE_R version 1.4, finished 19 May 2008 - BTR
Reading Elements in Material : BC408
Reading Elements in Material : Vinyl
Reading Elements in Material : BC800
Reading Elements in Material : Flange
Reading Elements in Material : G4_AIR
Reading Elements in Material : Steel
Reading Elements in Material : Alum
Reading Elements in Material : Kapton
/projects/mona-sim/kohley/MENATE_R_CrossSections/
DIRNAME: /projects/mona-sim/kohley/MENATE_R_CrossSections/
Loading Data For : Hydrogen , FileName = /projects/mona-sim/kohley/MENATE_R_CrossSections//Hydrogen1_el.dat
Successfully Loaded !
/projects/mona-sim/kohley/MENATE_R_CrossSections/
DIRNAME: /projects/mona-sim/kohley/MENATE_R_CrossSections/
Loading Data For : Carbon , FileName = /projects/mona-sim/kohley/MENATE_R_CrossSections//Carbon12_el.dat
Successfully Loaded !
/projects/mona-sim/kohley/MENATE_R_CrossSections/
DIRNAME: /projects/mona-sim/kohley/MENATE_R_CrossSections/
Loading Data For : Carbon , FileName = /projects/mona-sim/kohley/MENATE_R_CrossSections//Carbon12_nng4_4.dat
nng4 cross section enhanced :) !!
nng4 cross section enhanced :) !!
nng4 cross section enhanced :) !!
nng4 cross section enhanced :) !!
nng4 cross section enhanced :) !!
nng4 cross section enhanced :) !!
nng4 cross section enhanced :) !!
nng4 cross section enhanced :) !!
nng4 cross section enhanced :) !!
nng4 cross section enhanced :) !!
nng4 cross section enhanced :) !!
nng4 cross section enhanced :) !!
nng4 cross section enhanced :) !!
nng4 cross section enhanced :) !!
nng4 cross section enhanced :) !!
nng4 cross section enhanced :) !!
nng4 cross section enhanced :) !!
nng4 cross section enhanced :) !!
nng4 cross section enhanced :) !!
nng4 cross section enhanced :) !!
nng4 cross section enhanced :) !!
nng4 cross section enhanced :) !!
nng4 cross section enhanced :) !!
nng4 cross section enhanced :) !!
nng4 cross section enhanced :) !!
nng4 cross section enhanced :) !!
nng4 cross section enhanced :) !!
nng4 cross section enhanced :) !!
nng4 cross section enhanced :) !!
nng4 cross section enhanced :) !!
nng4 cross section enhanced :) !!
nng4 cross section enhanced :) !!
nng4 cross section enhanced :) !!
nng4 cross section enhanced :) !!
nng4 cross section enhanced :) !!
nng4 cross section enhanced :) !!
Successfully Loaded !
/projects/mona-sim/kohley/MENATE_R_CrossSections/
DIRNAME: /projects/mona-sim/kohley/MENATE_R_CrossSections/
Loading Data For : Carbon , FileName = /projects/mona-sim/kohley/MENATE_R_CrossSections//Carbon12_na9Be.dat
na9Be cross section enhanced :) !!
na9Be cross section enhanced :) !!
na9Be cross section enhanced :) !!
na9Be cross section enhanced :) !!
na9Be cross section enhanced :) !!
na9Be cross section enhanced :) !!
na9Be cross section enhanced :) !!
na9Be cross section enhanced :) !!
na9Be cross section enhanced :) !!
na9Be cross section enhanced :) !!
na9Be cross section enhanced :) !!
na9Be cross section enhanced :) !!
na9Be cross section enhanced :) !!
na9Be cross section enhanced :) !!
na9Be cross section enhanced :) !!
na9Be cross section enhanced :) !!
na9Be cross section enhanced :) !!
na9Be cross section enhanced :) !!
na9Be cross section enhanced :) !!
na9Be cross section enhanced :) !!
na9Be cross section enhanced :) !!
na9Be cross section enhanced :) !!
na9Be cross section enhanced :) !!
na9Be cross section enhanced :) !!
na9Be cross section enhanced :) !!
na9Be cross section enhanced :) !!
na9Be cross section enhanced :) !!
na9Be cross section enhanced :) !!
na9Be cross section enhanced :) !!
na9Be cross section enhanced :) !!
na9Be cross section enhanced :) !!
Successfully Loaded !
/projects/mona-sim/kohley/MENATE_R_CrossSections/
DIRNAME: /projects/mona-sim/kohley/MENATE_R_CrossSections/
Loading Data For : Carbon , FileName = /projects/mona-sim/kohley/MENATE_R_CrossSections//Carbon12_np12B.dat
np12B cross section enhanced :) !!
np12B cross section enhanced :) !!
np12B cross section enhanced :) !!
np12B cross section enhanced :) !!
np12B cross section enhanced :) !!
np12B cross section enhanced :) !!
np12B cross section enhanced :) !!
np12B cross section enhanced :) !!
np12B cross section enhanced :) !!
np12B cross section enhanced :) !!
np12B cross section enhanced :) !!
np12B cross section enhanced :) !!
np12B cross section enhanced :) !!
np12B cross section enhanced :) !!
Successfully Loaded !
/projects/mona-sim/kohley/MENATE_R_CrossSections/
DIRNAME: /projects/mona-sim/kohley/MENATE_R_CrossSections/
Loading Data For : Carbon , FileName = /projects/mona-sim/kohley/MENATE_R_CrossSections//Carbon12_nnp11B.dat
nnp11B cross section enhanced :) !!
nnp11B cross section enhanced :) !!
nnp11B cross section enhanced :) !!
nnp11B cross section enhanced :) !!
nnp11B cross section enhanced :) !!
nnp11B cross section enhanced :) !!
nnp11B cross section enhanced :) !!
nnp11B cross section enhanced :) !!
nnp11B cross section enhanced :) !!
Successfully Loaded !
/projects/mona-sim/kohley/MENATE_R_CrossSections/
DIRNAME: /projects/mona-sim/kohley/MENATE_R_CrossSections/
Loading Data For : Carbon , FileName = /projects/mona-sim/kohley/MENATE_R_CrossSections//Carbon12_2n11C.dat
2n11C cross section enhanced :) !!
2n11C cross section enhanced :) !!
2n11C cross section enhanced :) !!
2n11C cross section enhanced :) !!
2n11C cross section enhanced :) !!
2n11C cross section enhanced :) !!
2n11C cross section enhanced :) !!
2n11C cross section enhanced :) !!
2n11C cross section enhanced :) !!
2n11C cross section enhanced :) !!
Successfully Loaded !
/projects/mona-sim/kohley/MENATE_R_CrossSections/
DIRNAME: /projects/mona-sim/kohley/MENATE_R_CrossSections/
Loading Data For : Carbon , FileName = /projects/mona-sim/kohley/MENATE_R_CrossSections//Carbon12_nn3a.dat
nn3a cross section enhanced :) !!
nn3a cross section enhanced :) !!
nn3a cross section enhanced :) !!
nn3a cross section enhanced :) !!
nn3a cross section enhanced :) !!
nn3a cross section enhanced :) !!
nn3a cross section enhanced :) !!
nn3a cross section enhanced :) !!
nn3a cross section enhanced :) !!
nn3a cross section enhanced :) !!
nn3a cross section enhanced :) !!
nn3a cross section enhanced :) !!
nn3a cross section enhanced :) !!
nn3a cross section enhanced :) !!
nn3a cross section enhanced :) !!
nn3a cross section enhanced :) !!
nn3a cross section enhanced :) !!
nn3a cross section enhanced :) !!
nn3a cross section enhanced :) !!
nn3a cross section enhanced :) !!
nn3a cross section enhanced :) !!
nn3a cross section enhanced :) !!
nn3a cross section enhanced :) !!
nn3a cross section enhanced :) !!
nn3a cross section enhanced :) !!
nn3a cross section enhanced :) !!
nn3a cross section enhanced :) !!
nn3a cross section enhanced :) !!
nn3a cross section enhanced :) !!
nn3a cross section enhanced :) !!
nn3a cross section enhanced :) !!
nn3a cross section enhanced :) !!
nn3a cross section enhanced :) !!
nn3a cross section enhanced :) !!
Successfully Loaded !
/projects/mona-sim/kohley/MENATE_R_CrossSections/
DIRNAME: /projects/mona-sim/kohley/MENATE_R_CrossSections/
Loading Data For : Iron , FileName = /projects/mona-sim/kohley/MENATE_R_CrossSections//Iron56_el.dat
Successfully Loaded !
/projects/mona-sim/kohley/MENATE_R_CrossSections/
DIRNAME: /projects/mona-sim/kohley/MENATE_R_CrossSections/
Loading Data For : Iron , FileName = /projects/mona-sim/kohley/MENATE_R_CrossSections//Iron56_nonel.dat
Successfully Loaded !
/projects/mona-sim/kohley/MENATE_R_CrossSections/
DIRNAME: /projects/mona-sim/kohley/MENATE_R_CrossSections/
Loading Data For : Aluminum , FileName = /projects/mona-sim/kohley/MENATE_R_CrossSections//Al27_el.dat
Successfully Loaded !
/projects/mona-sim/kohley/MENATE_R_CrossSections/
DIRNAME: /projects/mona-sim/kohley/MENATE_R_CrossSections/
Loading Data For : Aluminum , FileName = /projects/mona-sim/kohley/MENATE_R_CrossSections//Al27_nonel.dat
Successfully Loaded !
Finished Building Cross Section Table! 
The MeanFreePath and Reaction Calculations method is set to : ORIGINAL
||--------------------------------------------------||
         MENATE_R Added to Process Manager            
||--------------------------------------------------||
Finished Constructing PhysicsList
UniqueID set as: wtmodifiedZK_t0.004ns_TR
MoNA Det. Config File: detector_config_HopeO26
Reading detector configuration file
I found the target
it has coords 0.0.0.
I am making a new array
Initializing output
I am adding the array MoNA

*************************************************************
 Geant4 version Name: geant4-09-05-patch-02    (22-October-2012)
                      Copyright : Geant4 Collaboration
                      Reference : NIM A 506 (2003), 250-303
                            WWW : http://cern.ch/geant4
*************************************************************

Inputfile is now set to /mnt/simulations/MoNAsims/O26_analysis//tempwtmodifiedZK_t0.004ns_TR.indat  kUseHEP is: 1
Inside PrimaryGeneratorAction - TgtPos x:0 y:0 z:0
Constructor for menate_R process was called! 
A non-relativistic model for n - scattering on carbon and hydrogen or materials composed of it (e.g. NE213)
You are using MENATE_R version 1.4, finished 19 May 2008 - BTR
Reading Elements in Material : BC408
Reading Elements in Material : Vinyl
Reading Elements in Material : BC800
Reading Elements in Material : Flange
Reading Elements in Material : G4_AIR
Reading Elements in Material : Steel
Reading Elements in Material : Alum
Reading Elements in Material : Kapton
/projects/mona-sim/kohley/MENATE_R_CrossSections/
DIRNAME: /projects/mona-sim/kohley/MENATE_R_CrossSections/
Loading Data For : Hydrogen , FileName = /projects/mona-sim/kohley/MENATE_R_CrossSections//Hydrogen1_el.dat
Successfully Loaded !
/projects/mona-sim/kohley/MENATE_R_CrossSections/
DIRNAME: /projects/mona-sim/kohley/MENATE_R_CrossSections/
Loading Data For : Carbon , FileName = /projects/mona-sim/kohley/MENATE_R_CrossSections//Carbon12_el.dat
Successfully Loaded !
/projects/mona-sim/kohley/MENATE_R_CrossSections/
DIRNAME: /projects/mona-sim/kohley/MENATE_R_CrossSections/
Loading Data For : Carbon , FileName = /projects/mona-sim/kohley/MENATE_R_CrossSections//Carbon12_nng4_4.dat
nng4 cross section enhanced :) !!
nng4 cross section enhanced :) !!
nng4 cross section enhanced :) !!
nng4 cross section enhanced :) !!
nng4 cross section enhanced :) !!
nng4 cross section enhanced :) !!
nng4 cross section enhanced :) !!
nng4 cross section enhanced :) !!
nng4 cross section enhanced :) !!
nng4 cross section enhanced :) !!
nng4 cross section enhanced :) !!
nng4 cross section enhanced :) !!
nng4 cross section enhanced :) !!
nng4 cross section enhanced :) !!
nng4 cross section enhanced :) !!
nng4 cross section enhanced :) !!
nng4 cross section enhanced :) !!
nng4 cross section enhanced :) !!
nng4 cross section enhanced :) !!
nng4 cross section enhanced :) !!
nng4 cross section enhanced :) !!
nng4 cross section enhanced :) !!
nng4 cross section enhanced :) !!
nng4 cross section enhanced :) !!
nng4 cross section enhanced :) !!
nng4 cross section enhanced :) !!
nng4 cross section enhanced :) !!
nng4 cross section enhanced :) !!
nng4 cross section enhanced :) !!
nng4 cross section enhanced :) !!
nng4 cross section enhanced :) !!
nng4 cross section enhanced :) !!
nng4 cross section enhanced :) !!
nng4 cross section enhanced :) !!
nng4 cross section enhanced :) !!
nng4 cross section enhanced :) !!
Successfully Loaded !
/projects/mona-sim/kohley/MENATE_R_CrossSections/
DIRNAME: /projects/mona-sim/kohley/MENATE_R_CrossSections/
Loading Data For : Carbon , FileName = /projects/mona-sim/kohley/MENATE_R_CrossSections//Carbon12_na9Be.dat
na9Be cross section enhanced :) !!
na9Be cross section enhanced :) !!
na9Be cross section enhanced :) !!
na9Be cross section enhanced :) !!
na9Be cross section enhanced :) !!
na9Be cross section enhanced :) !!
na9Be cross section enhanced :) !!
na9Be cross section enhanced :) !!
na9Be cross section enhanced :) !!
na9Be cross section enhanced :) !!
na9Be cross section enhanced :) !!
na9Be cross section enhanced :) !!
na9Be cross section enhanced :) !!
na9Be cross section enhanced :) !!
na9Be cross section enhanced :) !!
na9Be cross section enhanced :) !!
na9Be cross section enhanced :) !!
na9Be cross section enhanced :) !!
na9Be cross section enhanced :) !!
na9Be cross section enhanced :) !!
na9Be cross section enhanced :) !!
na9Be cross section enhanced :) !!
na9Be cross section enhanced :) !!
na9Be cross section enhanced :) !!
na9Be cross section enhanced :) !!
na9Be cross section enhanced :) !!
na9Be cross section enhanced :) !!
na9Be cross section enhanced :) !!
na9Be cross section enhanced :) !!
na9Be cross section enhanced :) !!
na9Be cross section enhanced :) !!
Successfully Loaded !
/projects/mona-sim/kohley/MENATE_R_CrossSections/
DIRNAME: /projects/mona-sim/kohley/MENATE_R_CrossSections/
Loading Data For : Carbon , FileName = /projects/mona-sim/kohley/MENATE_R_CrossSections//Carbon12_np12B.dat
np12B cross section enhanced :) !!
np12B cross section enhanced :) !!
np12B cross section enhanced :) !!
np12B cross section enhanced :) !!
np12B cross section enhanced :) !!
np12B cross section enhanced :) !!
np12B cross section enhanced :) !!
np12B cross section enhanced :) !!
np12B cross section enhanced :) !!
np12B cross section enhanced :) !!
np12B cross section enhanced :) !!
np12B cross section enhanced :) !!
np12B cross section enhanced :) !!
np12B cross section enhanced :) !!
Successfully Loaded !
/projects/mona-sim/kohley/MENATE_R_CrossSections/
DIRNAME: /projects/mona-sim/kohley/MENATE_R_CrossSections/
Loading Data For : Carbon , FileName = /projects/mona-sim/kohley/MENATE_R_CrossSections//Carbon12_nnp11B.dat
nnp11B cross section enhanced :) !!
nnp11B cross section enhanced :) !!
nnp11B cross section enhanced :) !!
nnp11B cross section enhanced :) !!
nnp11B cross section enhanced :) !!
nnp11B cross section enhanced :) !!
nnp11B cross section enhanced :) !!
nnp11B cross section enhanced :) !!
nnp11B cross section enhanced :) !!
Successfully Loaded !
/projects/mona-sim/kohley/MENATE_R_CrossSections/
DIRNAME: /projects/mona-sim/kohley/MENATE_R_CrossSections/
Loading Data For : Carbon , FileName = /projects/mona-sim/kohley/MENATE_R_CrossSections//Carbon12_2n11C.dat
2n11C cross section enhanced :) !!
2n11C cross section enhanced :) !!
2n11C cross section enhanced :) !!
2n11C cross section enhanced :) !!
2n11C cross section enhanced :) !!
2n11C cross section enhanced :) !!
2n11C cross section enhanced :) !!
2n11C cross section enhanced :) !!
2n11C cross section enhanced :) !!
2n11C cross section enhanced :) !!
Successfully Loaded !
/projects/mona-sim/kohley/MENATE_R_CrossSections/
DIRNAME: /projects/mona-sim/kohley/MENATE_R_CrossSections/
Loading Data For : Carbon , FileName = /projects/mona-sim/kohley/MENATE_R_CrossSections//Carbon12_nn3a.dat
nn3a cross section enhanced :) !!
nn3a cross section enhanced :) !!
nn3a cross section enhanced :) !!
nn3a cross section enhanced :) !!
nn3a cross section enhanced :) !!
nn3a cross section enhanced :) !!
nn3a cross section enhanced :) !!
nn3a cross section enhanced :) !!
nn3a cross section enhanced :) !!
nn3a cross section enhanced :) !!
nn3a cross section enhanced :) !!
nn3a cross section enhanced :) !!
nn3a cross section enhanced :) !!
nn3a cross section enhanced :) !!
nn3a cross section enhanced :) !!
nn3a cross section enhanced :) !!
nn3a cross section enhanced :) !!
nn3a cross section enhanced :) !!
nn3a cross section enhanced :) !!
nn3a cross section enhanced :) !!
nn3a cross section enhanced :) !!
nn3a cross section enhanced :) !!
nn3a cross section enhanced :) !!
nn3a cross section enhanced :) !!
nn3a cross section enhanced :) !!
nn3a cross section enhanced :) !!
nn3a cross section enhanced :) !!
nn3a cross section enhanced :) !!
nn3a cross section enhanced :) !!
nn3a cross section enhanced :) !!
nn3a cross section enhanced :) !!
nn3a cross section enhanced :) !!
nn3a cross section enhanced :) !!
nn3a cross section enhanced :) !!
Successfully Loaded !
/projects/mona-sim/kohley/MENATE_R_CrossSections/
DIRNAME: /projects/mona-sim/kohley/MENATE_R_CrossSections/
Loading Data For : Iron , FileName = /projects/mona-sim/kohley/MENATE_R_CrossSections//Iron56_el.dat
Successfully Loaded !
/projects/mona-sim/kohley/MENATE_R_CrossSections/
DIRNAME: /projects/mona-sim/kohley/MENATE_R_CrossSections/
Loading Data For : Iron , FileName = /projects/mona-sim/kohley/MENATE_R_CrossSections//Iron56_nonel.dat
Successfully Loaded !
/projects/mona-sim/kohley/MENATE_R_CrossSections/
DIRNAME: /projects/mona-sim/kohley/MENATE_R_CrossSections/
Loading Data For : Aluminum , FileName = /projects/mona-sim/kohley/MENATE_R_CrossSections//Al27_el.dat
Successfully Loaded !
/projects/mona-sim/kohley/MENATE_R_CrossSections/
DIRNAME: /projects/mona-sim/kohley/MENATE_R_CrossSections/
Loading Data For : Aluminum , FileName = /projects/mona-sim/kohley/MENATE_R_CrossSections//Al27_nonel.dat
Successfully Loaded !
Finished Building Cross Section Table! 
The MeanFreePath and Reaction Calculations method is set to : ORIGINAL
||--------------------------------------------------||
         MENATE_R Added to Process Manager            
||--------------------------------------------------||
Finished Constructing PhysicsList
2 NEUTRON!
Error in <TTree::SetBranchAddress>: unknown branch -> b2p0_pz
Error in <TTree::SetBranchAddress>: unknown branch -> b4p0x
Error in <TTree::SetBranchAddress>: unknown branch -> b4p0tx
Error in <TTree::SetBranchAddress>: unknown branch -> b4p0y
Error in <TTree::SetBranchAddress>: unknown branch -> b4p0ty
Error in <TTree::SetBranchAddress>: unknown branch -> b4p0t
Error in <TTree::SetBranchAddress>: unknown branch -> b4p0Ekin
Error in <TTree::SetBranchAddress>: unknown branch -> b4p0path
Error in <TTree::SetBranchAddress>: unknown branch -> b6p0x
Error in <TTree::SetBranchAddress>: unknown branch -> b6p0tx
Error in <TTree::SetBranchAddress>: unknown branch -> b6p0y
Error in <TTree::SetBranchAddress>: unknown branch -> b6p0ty
Error in <TTree::SetBranchAddress>: unknown branch -> b6p0Ekin
Error in <TTree::SetBranchAddress>: unknown branch -> b6p0path
Error in <TTree::SetBranchAddress>: unknown branch -> b9p1t
Error in <TTree::SetBranchAddress>: unknown branch -> b9p1x
Error in <TTree::SetBranchAddress>: unknown branch -> b9p1y
Error in <TTree::SetBranchAddress>: unknown branch -> b9p1z
Error in <TTree::SetBranchAddress>: unknown branch -> b9p1Ekin
Error in <TTree::SetBranchAddress>: unknown branch -> b9p2t
Error in <TTree::SetBranchAddress>: unknown branch -> b9p2x
Error in <TTree::SetBranchAddress>: unknown branch -> b9p2y
Error in <TTree::SetBranchAddress>: unknown branch -> b9p2z
Error in <TTree::SetBranchAddress>: unknown branch -> b9p2Ekin
st-mona output had more events than Geant output (1000000 vs. 0) so I am only merging until I hit the end of the Geant output.
Merging Complete!
wtmodifiedZK_t0.004ns_TR
Checking computer architecture...
...ok!
Analyzing st-mona output...
Running root2pythia...
Running geant for two neutrons...

Starting up Geant for 1st neutron...
Starting up Geant for 2nd neutron...
Merging st-mona and Geant output files...
Also not deleting the temporary files
Cleaning up...
Done!
